Determining if the pthread_create exist failed with the following output:
Change Dir: /home/zipanhe/Desktop/cmpt726/quad_stabilization/catkin_ws/build/tf2_tools/CMakeFiles/CMakeTmp

Run Build Command:"/usr/bin/make" "cmTC_c1c4f/fast"
/usr/bin/make -f CMakeFiles/cmTC_c1c4f.dir/build.make CMakeFiles/cmTC_c1c4f.dir/build
make[1]: Entering directory '/home/zipanhe/Desktop/cmpt726/quad_stabilization/catkin_ws/build/tf2_tools/CMakeFiles/CMakeTmp'
Building C object CMakeFiles/cmTC_c1c4f.dir/CheckSymbolExists.c.o
/usr/bin/cc     -o CMakeFiles/cmTC_c1c4f.dir/CheckSymbolExists.c.o   -c /home/zipanhe/Desktop/cmpt726/quad_stabilization/catkin_ws/build/tf2_tools/CMakeFiles/CMakeTmp/CheckSymbolExists.c
Linking C executable cmTC_c1c4f
/usr/bin/cmake -E cmake_link_script CMakeFiles/cmTC_c1c4f.dir/link.txt --verbose=1
/usr/bin/cc       CMakeFiles/cmTC_c1c4f.dir/CheckSymbolExists.c.o  -o cmTC_c1c4f -rdynamic 
CMakeFiles/cmTC_c1c4f.dir/CheckSymbolExists.c.o: In function `main':
CheckSymbolExists.c:(.text+0x16): undefined reference to `pthread_create'
collect2: error: ld returned 1 exit status
CMakeFiles/cmTC_c1c4f.dir/build.make:97: recipe for target 'cmTC_c1c4f' failed
make[1]: *** [cmTC_c1c4f] Error 1
make[1]: Leaving directory '/home/zipanhe/Desktop/cmpt726/quad_stabilization/catkin_ws/build/tf2_tools/CMakeFiles/CMakeTmp'
Makefile:126: recipe for target 'cmTC_c1c4f/fast' failed
make: *** [cmTC_c1c4f/fast] Error 2

File /home/zipanhe/Desktop/cmpt726/quad_stabilization/catkin_ws/build/tf2_tools/CMakeFiles/CMakeTmp/CheckSymbolExists.c:
/* */
#include <pthread.h>

int main(int argc, char** argv)
{
  (void)argv;
#ifndef pthread_create
  return ((int*)(&pthread_create))[argc];
#else
  (void)argc;
  return 0;
#endif
}

Determining if the function pthread_create exists in the pthreads failed with the following output:
Change Dir: /home/zipanhe/Desktop/cmpt726/quad_stabilization/catkin_ws/build/tf2_tools/CMakeFiles/CMakeTmp

Run Build Command:"/usr/bin/make" "cmTC_65b82/fast"
/usr/bin/make -f CMakeFiles/cmTC_65b82.dir/build.make CMakeFiles/cmTC_65b82.dir/build
make[1]: Entering directory '/home/zipanhe/Desktop/cmpt726/quad_stabilization/catkin_ws/build/tf2_tools/CMakeFiles/CMakeTmp'
Building C object CMakeFiles/cmTC_65b82.dir/CheckFunctionExists.c.o
/usr/bin/cc    -DCHECK_FUNCTION_EXISTS=pthread_create   -o CMakeFiles/cmTC_65b82.dir/CheckFunctionExists.c.o   -c /usr/share/cmake-3.5/Modules/CheckFunctionExists.c
Linking C executable cmTC_65b82
/usr/bin/cmake -E cmake_link_script CMakeFiles/cmTC_65b82.dir/link.txt --verbose=1
/usr/bin/cc   -DCHECK_FUNCTION_EXISTS=pthread_create    CMakeFiles/cmTC_65b82.dir/CheckFunctionExists.c.o  -o cmTC_65b82 -rdynamic -lpthreads 
/usr/bin/x86_64-linux-gnu-ld: cannot find -lpthreads
collect2: error: ld returned 1 exit status
CMakeFiles/cmTC_65b82.dir/build.make:97: recipe for target 'cmTC_65b82' failed
make[1]: *** [cmTC_65b82] Error 1
make[1]: Leaving directory '/home/zipanhe/Desktop/cmpt726/quad_stabilization/catkin_ws/build/tf2_tools/CMakeFiles/CMakeTmp'
Makefile:126: recipe for target 'cmTC_65b82/fast' failed
make: *** [cmTC_65b82/fast] Error 2


