Determining if the pthread_create exist failed with the following output:
Change Dir: /home/zipanhe/Desktop/cmpt726/quad_stabilization/catkin_ws/build/tf2/CMakeFiles/CMakeTmp

Run Build Command:"/usr/bin/make" "cmTC_5fd1c/fast"
/usr/bin/make -f CMakeFiles/cmTC_5fd1c.dir/build.make CMakeFiles/cmTC_5fd1c.dir/build
make[1]: Entering directory '/home/zipanhe/Desktop/cmpt726/quad_stabilization/catkin_ws/build/tf2/CMakeFiles/CMakeTmp'
Building C object CMakeFiles/cmTC_5fd1c.dir/CheckSymbolExists.c.o
/usr/bin/cc     -o CMakeFiles/cmTC_5fd1c.dir/CheckSymbolExists.c.o   -c /home/zipanhe/Desktop/cmpt726/quad_stabilization/catkin_ws/build/tf2/CMakeFiles/CMakeTmp/CheckSymbolExists.c
Linking C executable cmTC_5fd1c
/usr/bin/cmake -E cmake_link_script CMakeFiles/cmTC_5fd1c.dir/link.txt --verbose=1
/usr/bin/cc       CMakeFiles/cmTC_5fd1c.dir/CheckSymbolExists.c.o  -o cmTC_5fd1c -rdynamic 
CMakeFiles/cmTC_5fd1c.dir/CheckSymbolExists.c.o: In function `main':
CheckSymbolExists.c:(.text+0x16): undefined reference to `pthread_create'
collect2: error: ld returned 1 exit status
CMakeFiles/cmTC_5fd1c.dir/build.make:97: recipe for target 'cmTC_5fd1c' failed
make[1]: *** [cmTC_5fd1c] Error 1
make[1]: Leaving directory '/home/zipanhe/Desktop/cmpt726/quad_stabilization/catkin_ws/build/tf2/CMakeFiles/CMakeTmp'
Makefile:126: recipe for target 'cmTC_5fd1c/fast' failed
make: *** [cmTC_5fd1c/fast] Error 2

File /home/zipanhe/Desktop/cmpt726/quad_stabilization/catkin_ws/build/tf2/CMakeFiles/CMakeTmp/CheckSymbolExists.c:
/* */
#include <pthread.h>

int main(int argc, char** argv)
{
  (void)argv;
#ifndef pthread_create
  return ((int*)(&pthread_create))[argc];
#else
  (void)argc;
  return 0;
#endif
}

Determining if the function pthread_create exists in the pthreads failed with the following output:
Change Dir: /home/zipanhe/Desktop/cmpt726/quad_stabilization/catkin_ws/build/tf2/CMakeFiles/CMakeTmp

Run Build Command:"/usr/bin/make" "cmTC_b3496/fast"
/usr/bin/make -f CMakeFiles/cmTC_b3496.dir/build.make CMakeFiles/cmTC_b3496.dir/build
make[1]: Entering directory '/home/zipanhe/Desktop/cmpt726/quad_stabilization/catkin_ws/build/tf2/CMakeFiles/CMakeTmp'
Building C object CMakeFiles/cmTC_b3496.dir/CheckFunctionExists.c.o
/usr/bin/cc    -DCHECK_FUNCTION_EXISTS=pthread_create   -o CMakeFiles/cmTC_b3496.dir/CheckFunctionExists.c.o   -c /usr/share/cmake-3.5/Modules/CheckFunctionExists.c
Linking C executable cmTC_b3496
/usr/bin/cmake -E cmake_link_script CMakeFiles/cmTC_b3496.dir/link.txt --verbose=1
/usr/bin/cc   -DCHECK_FUNCTION_EXISTS=pthread_create    CMakeFiles/cmTC_b3496.dir/CheckFunctionExists.c.o  -o cmTC_b3496 -rdynamic -lpthreads 
/usr/bin/x86_64-linux-gnu-ld: cannot find -lpthreads
collect2: error: ld returned 1 exit status
CMakeFiles/cmTC_b3496.dir/build.make:97: recipe for target 'cmTC_b3496' failed
make[1]: *** [cmTC_b3496] Error 1
make[1]: Leaving directory '/home/zipanhe/Desktop/cmpt726/quad_stabilization/catkin_ws/build/tf2/CMakeFiles/CMakeTmp'
Makefile:126: recipe for target 'cmTC_b3496/fast' failed
make: *** [cmTC_b3496/fast] Error 2


