Determining if the pthread_create exist failed with the following output:
Change Dir: /home/zipanhe/Desktop/cmpt726/quad_stabilization/catkin_ws/build/tf_conversions/CMakeFiles/CMakeTmp

Run Build Command:"/usr/bin/make" "cmTC_c3877/fast"
/usr/bin/make -f CMakeFiles/cmTC_c3877.dir/build.make CMakeFiles/cmTC_c3877.dir/build
make[1]: Entering directory '/home/zipanhe/Desktop/cmpt726/quad_stabilization/catkin_ws/build/tf_conversions/CMakeFiles/CMakeTmp'
Building C object CMakeFiles/cmTC_c3877.dir/CheckSymbolExists.c.o
/usr/bin/cc     -o CMakeFiles/cmTC_c3877.dir/CheckSymbolExists.c.o   -c /home/zipanhe/Desktop/cmpt726/quad_stabilization/catkin_ws/build/tf_conversions/CMakeFiles/CMakeTmp/CheckSymbolExists.c
Linking C executable cmTC_c3877
/usr/bin/cmake -E cmake_link_script CMakeFiles/cmTC_c3877.dir/link.txt --verbose=1
/usr/bin/cc       CMakeFiles/cmTC_c3877.dir/CheckSymbolExists.c.o  -o cmTC_c3877 -rdynamic 
CMakeFiles/cmTC_c3877.dir/CheckSymbolExists.c.o: In function `main':
CheckSymbolExists.c:(.text+0x16): undefined reference to `pthread_create'
collect2: error: ld returned 1 exit status
CMakeFiles/cmTC_c3877.dir/build.make:97: recipe for target 'cmTC_c3877' failed
make[1]: *** [cmTC_c3877] Error 1
make[1]: Leaving directory '/home/zipanhe/Desktop/cmpt726/quad_stabilization/catkin_ws/build/tf_conversions/CMakeFiles/CMakeTmp'
Makefile:126: recipe for target 'cmTC_c3877/fast' failed
make: *** [cmTC_c3877/fast] Error 2

File /home/zipanhe/Desktop/cmpt726/quad_stabilization/catkin_ws/build/tf_conversions/CMakeFiles/CMakeTmp/CheckSymbolExists.c:
/* */
#include <pthread.h>

int main(int argc, char** argv)
{
  (void)argv;
#ifndef pthread_create
  return ((int*)(&pthread_create))[argc];
#else
  (void)argc;
  return 0;
#endif
}

Determining if the function pthread_create exists in the pthreads failed with the following output:
Change Dir: /home/zipanhe/Desktop/cmpt726/quad_stabilization/catkin_ws/build/tf_conversions/CMakeFiles/CMakeTmp

Run Build Command:"/usr/bin/make" "cmTC_90f9e/fast"
/usr/bin/make -f CMakeFiles/cmTC_90f9e.dir/build.make CMakeFiles/cmTC_90f9e.dir/build
make[1]: Entering directory '/home/zipanhe/Desktop/cmpt726/quad_stabilization/catkin_ws/build/tf_conversions/CMakeFiles/CMakeTmp'
Building C object CMakeFiles/cmTC_90f9e.dir/CheckFunctionExists.c.o
/usr/bin/cc    -DCHECK_FUNCTION_EXISTS=pthread_create   -o CMakeFiles/cmTC_90f9e.dir/CheckFunctionExists.c.o   -c /usr/share/cmake-3.5/Modules/CheckFunctionExists.c
Linking C executable cmTC_90f9e
/usr/bin/cmake -E cmake_link_script CMakeFiles/cmTC_90f9e.dir/link.txt --verbose=1
/usr/bin/cc   -DCHECK_FUNCTION_EXISTS=pthread_create    CMakeFiles/cmTC_90f9e.dir/CheckFunctionExists.c.o  -o cmTC_90f9e -rdynamic -lpthreads 
/usr/bin/x86_64-linux-gnu-ld: cannot find -lpthreads
collect2: error: ld returned 1 exit status
CMakeFiles/cmTC_90f9e.dir/build.make:97: recipe for target 'cmTC_90f9e' failed
make[1]: *** [cmTC_90f9e] Error 1
make[1]: Leaving directory '/home/zipanhe/Desktop/cmpt726/quad_stabilization/catkin_ws/build/tf_conversions/CMakeFiles/CMakeTmp'
Makefile:126: recipe for target 'cmTC_90f9e/fast' failed
make: *** [cmTC_90f9e/fast] Error 2


