[  0%] Built target _tf2_msgs_generate_messages_check_deps_LookupTransformActionFeedback
[  0%] Built target _tf2_msgs_generate_messages_check_deps_TFMessage
[  0%] Built target _tf2_msgs_generate_messages_check_deps_LookupTransformActionResult
[  0%] Built target _tf2_msgs_generate_messages_check_deps_LookupTransformAction
[  0%] Built target geometry_msgs_generate_messages_nodejs
[  0%] Built target std_msgs_generate_messages_nodejs
[  0%] Built target _tf2_msgs_generate_messages_check_deps_LookupTransformActionGoal
[  0%] Built target _tf2_msgs_generate_messages_check_deps_LookupTransformFeedback
[  0%] Built target _tf2_msgs_generate_messages_check_deps_FrameGraph
[  0%] Built target _tf2_msgs_generate_messages_check_deps_LookupTransformGoal
[  0%] Built target actionlib_msgs_generate_messages_nodejs
[  0%] Built target geometry_msgs_generate_messages_cpp
[  0%] Built target actionlib_msgs_generate_messages_cpp
[  0%] Built target std_msgs_generate_messages_cpp
[  0%] Built target _tf2_msgs_generate_messages_check_deps_LookupTransformResult
[  0%] Built target _tf2_msgs_generate_messages_check_deps_TF2Error
[  0%] Built target geometry_msgs_generate_messages_eus
[  0%] Built target std_msgs_generate_messages_eus
[  0%] Built target actionlib_msgs_generate_messages_eus
[  0%] Built target actionlib_msgs_generate_messages_py
[  0%] Built target std_msgs_generate_messages_py
[  0%] Built target geometry_msgs_generate_messages_py
[  0%] Built target std_msgs_generate_messages_lisp
[  0%] Built target actionlib_msgs_generate_messages_lisp
[  0%] Built target geometry_msgs_generate_messages_lisp
[ 18%] Built target tf2_msgs_generate_messages_nodejs
[35m[1mScanning dependencies of target tf2_msgs_generate_messages_eus[0m
[35m[1mScanning dependencies of target tf2_msgs_generate_messages_py[0m
[ 20%] [34m[1mGenerating C++ code from tf2_msgs/TFMessage.msg[0m
[35m[1mScanning dependencies of target tf2_msgs_generate_messages_lisp[0m
[ 22%] [34m[1mGenerating EusLisp code from tf2_msgs/TFMessage.msg[0m
[ 24%] [34m[1mGenerating Python from MSG tf2_msgs/TFMessage[0m
[ 26%] [34m[1mGenerating Lisp code from tf2_msgs/TFMessage.msg[0m
Traceback (most recent call last):
  File "/opt/ros/kinetic/share/gencpp/cmake/../../../lib/gencpp/gen_cpp.py", line 49, in <module>
    srv_template_map)
  File "/opt/ros/kinetic/lib/python2.7/dist-packages/genmsg/template_tools.py", line 213, in generate_from_command_line_options
    generate_from_file(argv[1], options.package, options.outdir, options.emdir, options.includepath, msg_template_dict, srv_template_dict)
  File "/opt/ros/kinetic/lib/python2.7/dist-packages/genmsg/template_tools.py", line 154, in generate_from_file
    _generate_msg_from_file(input_file, output_dir, template_dir, search_path, package_name, msg_template_dict)
  File "/opt/ros/kinetic/lib/python2.7/dist-packages/genmsg/template_tools.py", line 99, in _generate_msg_from_file
    search_path)
  File "/opt/ros/kinetic/lib/python2.7/dist-packages/genmsg/template_tools.py", line 77, in _generate_from_spec
    interpreter = em.Interpreter(output=ofile, globals=g, options={em.RAW_OPT:True,em.BUFFERED_OPT:True})
AttributeError: module 'em' has no attribute 'Interpreter'
CMakeFiles/tf2_msgs_generate_messages_cpp.dir/build.make:76: recipe for target '/home/zipanhe/Desktop/cmpt726/quad_stabilization/catkin_ws/devel/.private/tf2_msgs/include/tf2_msgs/TFMessage.h' failed
make[2]: *** [/home/zipanhe/Desktop/cmpt726/quad_stabilization/catkin_ws/devel/.private/tf2_msgs/include/tf2_msgs/TFMessage.h] Error 1
make[2]: *** Deleting file '/home/zipanhe/Desktop/cmpt726/quad_stabilization/catkin_ws/devel/.private/tf2_msgs/include/tf2_msgs/TFMessage.h'
CMakeFiles/Makefile2:824: recipe for target 'CMakeFiles/tf2_msgs_generate_messages_cpp.dir/all' failed
make[1]: *** [CMakeFiles/tf2_msgs_generate_messages_cpp.dir/all] Error 2
make[1]: *** Waiting for unfinished jobs....
[ 28%] [34m[1mGenerating Lisp code from tf2_msgs/LookupTransformAction.msg[0m
[ 30%] [34m[1mGenerating Python from MSG tf2_msgs/LookupTransformAction[0m
[ 32%] [34m[1mGenerating EusLisp code from tf2_msgs/LookupTransformAction.msg[0m
[ 33%] [34m[1mGenerating Lisp code from tf2_msgs/LookupTransformActionResult.msg[0m
[ 35%] [34m[1mGenerating EusLisp code from tf2_msgs/LookupTransformActionResult.msg[0m
[ 37%] [34m[1mGenerating Lisp code from tf2_msgs/LookupTransformActionFeedback.msg[0m
[ 39%] [34m[1mGenerating Python from MSG tf2_msgs/LookupTransformActionResult[0m
[ 41%] [34m[1mGenerating Python from MSG tf2_msgs/LookupTransformActionFeedback[0m
[ 43%] [34m[1mGenerating EusLisp code from tf2_msgs/LookupTransformActionFeedback.msg[0m
[ 45%] [34m[1mGenerating Lisp code from tf2_msgs/LookupTransformGoal.msg[0m
[ 47%] [34m[1mGenerating EusLisp code from tf2_msgs/LookupTransformGoal.msg[0m
[ 49%] [34m[1mGenerating Python from MSG tf2_msgs/LookupTransformGoal[0m
[ 50%] [34m[1mGenerating Lisp code from tf2_msgs/LookupTransformActionGoal.msg[0m
[ 52%] [34m[1mGenerating EusLisp code from tf2_msgs/LookupTransformActionGoal.msg[0m
[ 54%] [34m[1mGenerating Lisp code from tf2_msgs/LookupTransformResult.msg[0m
[ 56%] [34m[1mGenerating Python from MSG tf2_msgs/LookupTransformActionGoal[0m
[ 58%] [34m[1mGenerating Python from MSG tf2_msgs/LookupTransformResult[0m
[ 60%] [34m[1mGenerating EusLisp code from tf2_msgs/LookupTransformResult.msg[0m
[ 62%] [34m[1mGenerating Lisp code from tf2_msgs/LookupTransformFeedback.msg[0m
[ 64%] [34m[1mGenerating Python from MSG tf2_msgs/LookupTransformFeedback[0m
[ 66%] [34m[1mGenerating EusLisp code from tf2_msgs/LookupTransformFeedback.msg[0m
[ 67%] [34m[1mGenerating Lisp code from tf2_msgs/TF2Error.msg[0m
[ 69%] [34m[1mGenerating Lisp code from tf2_msgs/FrameGraph.srv[0m
[ 71%] [34m[1mGenerating Python from MSG tf2_msgs/TF2Error[0m
[ 73%] [34m[1mGenerating Python code from SRV tf2_msgs/FrameGraph[0m
[ 75%] [34m[1mGenerating EusLisp code from tf2_msgs/TF2Error.msg[0m
[ 75%] Built target tf2_msgs_generate_messages_lisp
[ 77%] [34m[1mGenerating EusLisp code from tf2_msgs/FrameGraph.srv[0m
[ 79%] [34m[1mGenerating EusLisp manifest code for tf2_msgs[0m
[ 81%] [34m[1mGenerating Python msg __init__.py for tf2_msgs[0m
[ 83%] [34m[1mGenerating Python srv __init__.py for tf2_msgs[0m
[ 83%] Built target tf2_msgs_generate_messages_py
[ 83%] Built target tf2_msgs_generate_messages_eus
Makefile:138: recipe for target 'all' failed
make: *** [all] Error 2
